<?xml version="1.0" encoding="UTF-8"?>
<coverage generated="1773386317347" clover="3.2.0">
  <project timestamp="1773386317347" name="All files">
    <metrics statements="183" coveredstatements="177" conditionals="133" coveredconditionals="117" methods="32" coveredmethods="32" elements="348" coveredelements="326" complexity="0" loc="183" ncloc="183" packages="1" files="1" classes="1"/>
    <file name="indicators.js" path="C:\Users\tony_\Projects\trading-analysis-master\indicators.js">
      <metrics statements="183" coveredstatements="177" conditionals="133" coveredconditionals="117" methods="32" coveredmethods="32"/>
      <line num="6" count="25" type="stmt"/>
      <line num="7" count="903" type="stmt"/>
      <line num="8" count="903" type="stmt"/>
      <line num="9" count="903" type="stmt"/>
      <line num="11" count="25" type="stmt"/>
      <line num="12" count="25" type="stmt"/>
      <line num="13" count="25" type="stmt"/>
      <line num="14" count="25" type="stmt"/>
      <line num="15" count="25" type="stmt"/>
      <line num="16" count="25" type="stmt"/>
      <line num="17" count="25" type="stmt"/>
      <line num="18" count="25" type="stmt"/>
      <line num="19" count="25" type="stmt"/>
      <line num="20" count="25" type="stmt"/>
      <line num="22" count="25" type="stmt"/>
      <line num="23" count="882" type="stmt"/>
      <line num="24" count="882" type="stmt"/>
      <line num="26" count="882" type="cond" truecount="4" falsecount="0"/>
      <line num="27" count="882" type="stmt"/>
      <line num="29" count="882" type="cond" truecount="4" falsecount="0"/>
      <line num="30" count="882" type="stmt"/>
      <line num="32" count="882" type="cond" truecount="2" falsecount="0"/>
      <line num="33" count="8000" type="stmt"/>
      <line num="34" count="638" type="stmt"/>
      <line num="36" count="8000" type="stmt"/>
      <line num="37" count="638" type="stmt"/>
      <line num="39" count="8000" type="stmt"/>
      <line num="40" count="638" type="stmt"/>
      <line num="42" count="638" type="stmt"/>
      <line num="43" count="638" type="stmt"/>
      <line num="45" count="638" type="stmt"/>
      <line num="46" count="638" type="stmt"/>
      <line num="48" count="638" type="stmt"/>
      <line num="49" count="638" type="stmt"/>
      <line num="51" count="638" type="cond" truecount="2" falsecount="0"/>
      <line num="52" count="19" type="stmt"/>
      <line num="54" count="619" type="stmt"/>
      <line num="55" count="619" type="stmt"/>
      <line num="60" count="25" type="stmt"/>
      <line num="61" count="638" type="cond" truecount="5" falsecount="1"/>
      <line num="62" count="638" type="stmt"/>
      <line num="72" count="25" type="stmt"/>
      <line num="77" count="8" type="stmt"/>
      <line num="78" count="8" type="stmt"/>
      <line num="79" count="210" type="cond" truecount="2" falsecount="0"/>
      <line num="81" count="204" type="stmt"/>
      <line num="82" count="204" type="stmt"/>
      <line num="83" count="204" type="stmt"/>
      <line num="84" count="204" type="stmt"/>
      <line num="85" count="204" type="stmt"/>
      <line num="87" count="204" type="stmt"/>
      <line num="88" count="204" type="cond" truecount="6" falsecount="1"/>
      <line num="89" count="204" type="cond" truecount="5" falsecount="0"/>
      <line num="90" count="12" type="stmt"/>
      <line num="91" count="192" type="cond" truecount="5" falsecount="0"/>
      <line num="92" count="18" type="stmt"/>
      <line num="96" count="204" type="stmt"/>
      <line num="97" count="210" type="stmt"/>
      <line num="99" count="8" type="stmt"/>
      <line num="104" count="24" type="stmt"/>
      <line num="105" count="912" type="stmt"/>
      <line num="107" count="24" type="stmt"/>
      <line num="108" count="551" type="stmt"/>
      <line num="109" count="10620" type="stmt"/>
      <line num="110" count="10620" type="stmt"/>
      <line num="111" count="551" type="stmt"/>
      <line num="112" count="551" type="stmt"/>
      <line num="113" count="551" type="stmt"/>
      <line num="115" count="551" type="cond" truecount="5" falsecount="1"/>
      <line num="116" count="551" type="stmt"/>
      <line num="126" count="24" type="stmt"/>
      <line num="131" count="8" type="stmt"/>
      <line num="132" count="8" type="stmt"/>
      <line num="133" count="180" type="cond" truecount="2" falsecount="0"/>
      <line num="135" count="174" type="stmt"/>
      <line num="136" count="174" type="stmt"/>
      <line num="138" count="174" type="stmt"/>
      <line num="139" count="174" type="cond" truecount="3" falsecount="1"/>
      <line num="140" count="174" type="cond" truecount="4" falsecount="0"/>
      <line num="141" count="6" type="stmt"/>
      <line num="142" count="168" type="cond" truecount="4" falsecount="0"/>
      <line num="143" count="6" type="stmt"/>
      <line num="147" count="174" type="stmt"/>
      <line num="148" count="180" type="stmt"/>
      <line num="150" count="8" type="stmt"/>
      <line num="155" count="23" type="stmt"/>
      <line num="156" count="887" type="stmt"/>
      <line num="158" count="23" type="stmt"/>
      <line num="159" count="550" type="stmt"/>
      <line num="160" count="10600" type="stmt"/>
      <line num="161" count="10600" type="stmt"/>
      <line num="162" count="550" type="stmt"/>
      <line num="164" count="550" type="stmt"/>
      <line num="170" count="23" type="stmt"/>
      <line num="175" count="10" type="stmt"/>
      <line num="177" count="10" type="stmt"/>
      <line num="178" count="240" type="cond" truecount="2" falsecount="0"/>
      <line num="180" count="232" type="stmt"/>
      <line num="181" count="232" type="stmt"/>
      <line num="183" count="232" type="stmt"/>
      <line num="184" count="232" type="cond" truecount="3" falsecount="1"/>
      <line num="185" count="232" type="cond" truecount="4" falsecount="0"/>
      <line num="186" count="8" type="stmt"/>
      <line num="187" count="224" type="cond" truecount="4" falsecount="0"/>
      <line num="188" count="8" type="stmt"/>
      <line num="192" count="232" type="stmt"/>
      <line num="195" count="10" type="stmt"/>
      <line num="200" count="2583" type="stmt"/>
      <line num="201" count="2583" type="stmt"/>
      <line num="202" count="2583" type="stmt"/>
      <line num="203" count="36310" type="stmt"/>
      <line num="205" count="2583" type="stmt"/>
      <line num="210" count="39" type="stmt"/>
      <line num="211" count="39" type="stmt"/>
      <line num="212" count="39" type="stmt"/>
      <line num="214" count="39" type="stmt"/>
      <line num="215" count="39" type="stmt"/>
      <line num="216" count="39" type="stmt"/>
      <line num="217" count="39" type="stmt"/>
      <line num="218" count="39" type="stmt"/>
      <line num="220" count="39" type="stmt"/>
      <line num="221" count="1481" type="stmt"/>
      <line num="224" count="1481" type="cond" truecount="2" falsecount="2"/>
      <line num="225" count="0" type="stmt"/>
      <line num="228" count="1481" type="cond" truecount="2" falsecount="0"/>
      <line num="229" count="1140" type="stmt"/>
      <line num="230" count="13680" type="stmt"/>
      <line num="231" count="13680" type="cond" truecount="2" falsecount="2"/>
      <line num="232" count="0" type="stmt"/>
      <line num="234" count="13680" type="stmt"/>
      <line num="236" count="1140" type="stmt"/>
      <line num="238" count="341" type="stmt"/>
      <line num="241" count="1481" type="cond" truecount="2" falsecount="0"/>
      <line num="242" count="720" type="stmt"/>
      <line num="243" count="18720" type="stmt"/>
      <line num="244" count="18720" type="cond" truecount="2" falsecount="2"/>
      <line num="245" count="0" type="stmt"/>
      <line num="247" count="18720" type="stmt"/>
      <line num="249" count="720" type="stmt"/>
      <line num="251" count="761" type="stmt"/>
      <line num="254" count="1481" type="cond" truecount="2" falsecount="0"/>
      <line num="255" count="720" type="stmt"/>
      <line num="256" count="720" type="stmt"/>
      <line num="258" count="720" type="cond" truecount="1" falsecount="1"/>
      <line num="259" count="720" type="stmt"/>
      <line num="260" count="720" type="stmt"/>
      <line num="262" count="0" type="stmt"/>
      <line num="265" count="761" type="stmt"/>
      <line num="266" count="761" type="stmt"/>
      <line num="269" count="1481" type="cond" truecount="2" falsecount="0"/>
      <line num="270" count="1481" type="cond" truecount="2" falsecount="0"/>
      <line num="272" count="1481" type="stmt"/>
      <line num="279" count="39" type="stmt"/>
      <line num="284" count="11" type="stmt"/>
      <line num="285" count="11" type="stmt"/>
      <line num="286" count="393" type="cond" truecount="2" falsecount="0"/>
      <line num="288" count="384" type="stmt"/>
      <line num="289" count="384" type="stmt"/>
      <line num="291" count="384" type="stmt"/>
      <line num="292" count="384" type="cond" truecount="4" falsecount="0"/>
      <line num="293" count="184" type="cond" truecount="2" falsecount="2"/>
      <line num="294" count="0" type="stmt"/>
      <line num="295" count="184" type="cond" truecount="3" falsecount="1"/>
      <line num="296" count="0" type="stmt"/>
      <line num="300" count="384" type="stmt"/>
      <line num="303" count="11" type="stmt"/>
      <line num="308" count="12" type="stmt"/>
      <line num="309" count="12" type="stmt"/>
      <line num="310" count="446" type="cond" truecount="2" falsecount="0"/>
      <line num="312" count="436" type="stmt"/>
      <line num="313" count="436" type="stmt"/>
      <line num="314" count="436" type="stmt"/>
      <line num="315" count="436" type="stmt"/>
      <line num="317" count="436" type="stmt"/>
      <line num="318" count="436" type="cond" truecount="6" falsecount="0"/>
      <line num="319" count="135" type="cond" truecount="4" falsecount="0"/>
      <line num="320" count="9" type="stmt"/>
      <line num="321" count="126" type="cond" truecount="4" falsecount="0"/>
      <line num="322" count="18" type="stmt"/>
      <line num="326" count="436" type="stmt"/>
      <line num="329" count="12" type="stmt"/>
      <line num="333" count="1" type="cond" truecount="3" falsecount="1"/>
      <line num="334" count="1" type="stmt"/>
    </file>
  </project>
</coverage>
