{"C:\\Users\\tony_\\Projects\\trading-analysis-master\\indicators.js": {"path":"C:\\Users\\tony_\\Projects\\trading-analysis-master\\indicators.js","statementMap":{"0":{"start":{"line":6,"column":20},"end":{"line":6,"column":22}},"1":{"start":{"line":7,"column":17},"end":{"line":7,"column":52}},"2":{"start":{"line":7,"column":33},"end":{"line":7,"column":51}},"3":{"start":{"line":8,"column":16},"end":{"line":8,"column":51}},"4":{"start":{"line":8,"column":32},"end":{"line":8,"column":50}},"5":{"start":{"line":9,"column":18},"end":{"line":9,"column":53}},"6":{"start":{"line":9,"column":34},"end":{"line":9,"column":52}},"7":{"start":{"line":11,"column":13},"end":{"line":11,"column":15}},"8":{"start":{"line":12,"column":14},"end":{"line":12,"column":16}},"9":{"start":{"line":13,"column":14},"end":{"line":13,"column":16}},"10":{"start":{"line":14,"column":15},"end":{"line":14,"column":17}},"11":{"start":{"line":15,"column":16},"end":{"line":15,"column":18}},"12":{"start":{"line":16,"column":16},"end":{"line":16,"column":18}},"13":{"start":{"line":17,"column":16},"end":{"line":17,"column":18}},"14":{"start":{"line":18,"column":16},"end":{"line":18,"column":18}},"15":{"start":{"line":19,"column":13},"end":{"line":19,"column":15}},"16":{"start":{"line":20,"column":14},"end":{"line":20,"column":16}},"17":{"start":{"line":22,"column":4},"end":{"line":58,"column":5}},"18":{"start":{"line":22,"column":17},"end":{"line":22,"column":18}},"19":{"start":{"line":23,"column":24},"end":{"line":23,"column":117}},"20":{"start":{"line":24,"column":8},"end":{"line":24,"column":25}},"21":{"start":{"line":26,"column":25},"end":{"line":26,"column":121}},"22":{"start":{"line":27,"column":8},"end":{"line":27,"column":27}},"23":{"start":{"line":29,"column":25},"end":{"line":29,"column":117}},"24":{"start":{"line":30,"column":8},"end":{"line":30,"column":27}},"25":{"start":{"line":32,"column":8},"end":{"line":57,"column":9}},"26":{"start":{"line":33,"column":30},"end":{"line":33,"column":88}},"27":{"start":{"line":33,"column":79},"end":{"line":33,"column":84}},"28":{"start":{"line":34,"column":12},"end":{"line":34,"column":33}},"29":{"start":{"line":36,"column":31},"end":{"line":36,"column":90}},"30":{"start":{"line":36,"column":81},"end":{"line":36,"column":86}},"31":{"start":{"line":37,"column":12},"end":{"line":37,"column":35}},"32":{"start":{"line":39,"column":31},"end":{"line":39,"column":90}},"33":{"start":{"line":39,"column":81},"end":{"line":39,"column":86}},"34":{"start":{"line":40,"column":12},"end":{"line":40,"column":35}},"35":{"start":{"line":42,"column":31},"end":{"line":42,"column":61}},"36":{"start":{"line":43,"column":12},"end":{"line":43,"column":35}},"37":{"start":{"line":45,"column":31},"end":{"line":45,"column":61}},"38":{"start":{"line":46,"column":12},"end":{"line":46,"column":35}},"39":{"start":{"line":48,"column":28},"end":{"line":48,"column":97}},"40":{"start":{"line":49,"column":12},"end":{"line":49,"column":29}},"41":{"start":{"line":51,"column":12},"end":{"line":56,"column":13}},"42":{"start":{"line":52,"column":16},"end":{"line":52,"column":34}},"43":{"start":{"line":54,"column":33},"end":{"line":54,"column":90}},"44":{"start":{"line":55,"column":16},"end":{"line":55,"column":35}},"45":{"start":{"line":60,"column":4},"end":{"line":70,"column":5}},"46":{"start":{"line":60,"column":17},"end":{"line":60,"column":23}},"47":{"start":{"line":61,"column":8},"end":{"line":69,"column":9}},"48":{"start":{"line":62,"column":12},"end":{"line":68,"column":15}},"49":{"start":{"line":72,"column":4},"end":{"line":72,"column":19}},"50":{"start":{"line":77,"column":20},"end":{"line":77,"column":36}},"51":{"start":{"line":78,"column":22},"end":{"line":97,"column":34}},"52":{"start":{"line":79,"column":8},"end":{"line":79,"column":37}},"53":{"start":{"line":79,"column":25},"end":{"line":79,"column":37}},"54":{"start":{"line":81,"column":24},"end":{"line":81,"column":56}},"55":{"start":{"line":82,"column":24},"end":{"line":82,"column":56}},"56":{"start":{"line":83,"column":24},"end":{"line":83,"column":43}},"57":{"start":{"line":84,"column":24},"end":{"line":84,"column":43}},"58":{"start":{"line":85,"column":24},"end":{"line":85,"column":43}},"59":{"start":{"line":87,"column":21},"end":{"line":87,"column":22}},"60":{"start":{"line":88,"column":8},"end":{"line":94,"column":9}},"61":{"start":{"line":89,"column":12},"end":{"line":93,"column":13}},"62":{"start":{"line":90,"column":16},"end":{"line":90,"column":27}},"63":{"start":{"line":91,"column":19},"end":{"line":93,"column":13}},"64":{"start":{"line":92,"column":16},"end":{"line":92,"column":28}},"65":{"start":{"line":96,"column":8},"end":{"line":96,"column":50}},"66":{"start":{"line":97,"column":21},"end":{"line":97,"column":33}},"67":{"start":{"line":99,"column":4},"end":{"line":99,"column":21}},"68":{"start":{"line":104,"column":19},"end":{"line":104,"column":21}},"69":{"start":{"line":105,"column":18},"end":{"line":105,"column":53}},"70":{"start":{"line":105,"column":34},"end":{"line":105,"column":52}},"71":{"start":{"line":107,"column":4},"end":{"line":124,"column":5}},"72":{"start":{"line":107,"column":17},"end":{"line":107,"column":27}},"73":{"start":{"line":108,"column":22},"end":{"line":108,"column":56}},"74":{"start":{"line":109,"column":21},"end":{"line":109,"column":62}},"75":{"start":{"line":109,"column":44},"end":{"line":109,"column":49}},"76":{"start":{"line":110,"column":23},"end":{"line":110,"column":107}},"77":{"start":{"line":110,"column":48},"end":{"line":110,"column":69}},"78":{"start":{"line":110,"column":88},"end":{"line":110,"column":93}},"79":{"start":{"line":111,"column":26},"end":{"line":111,"column":54}},"80":{"start":{"line":112,"column":26},"end":{"line":112,"column":54}},"81":{"start":{"line":113,"column":25},"end":{"line":113,"column":81}},"82":{"start":{"line":115,"column":8},"end":{"line":123,"column":9}},"83":{"start":{"line":116,"column":12},"end":{"line":122,"column":15}},"84":{"start":{"line":126,"column":4},"end":{"line":126,"column":18}},"85":{"start":{"line":131,"column":19},"end":{"line":131,"column":34}},"86":{"start":{"line":132,"column":21},"end":{"line":148,"column":34}},"87":{"start":{"line":133,"column":8},"end":{"line":133,"column":37}},"88":{"start":{"line":133,"column":25},"end":{"line":133,"column":37}},"89":{"start":{"line":135,"column":29},"end":{"line":135,"column":66}},"90":{"start":{"line":136,"column":29},"end":{"line":136,"column":53}},"91":{"start":{"line":138,"column":21},"end":{"line":138,"column":22}},"92":{"start":{"line":139,"column":8},"end":{"line":145,"column":9}},"93":{"start":{"line":140,"column":12},"end":{"line":144,"column":13}},"94":{"start":{"line":141,"column":16},"end":{"line":141,"column":27}},"95":{"start":{"line":142,"column":19},"end":{"line":144,"column":13}},"96":{"start":{"line":143,"column":16},"end":{"line":143,"column":28}},"97":{"start":{"line":147,"column":8},"end":{"line":147,"column":50}},"98":{"start":{"line":148,"column":21},"end":{"line":148,"column":33}},"99":{"start":{"line":150,"column":4},"end":{"line":150,"column":20}},"100":{"start":{"line":155,"column":20},"end":{"line":155,"column":22}},"101":{"start":{"line":156,"column":25},"end":{"line":156,"column":108}},"102":{"start":{"line":156,"column":41},"end":{"line":156,"column":107}},"103":{"start":{"line":158,"column":4},"end":{"line":168,"column":5}},"104":{"start":{"line":158,"column":17},"end":{"line":158,"column":27}},"105":{"start":{"line":159,"column":24},"end":{"line":159,"column":65}},"106":{"start":{"line":160,"column":20},"end":{"line":160,"column":63}},"107":{"start":{"line":160,"column":45},"end":{"line":160,"column":50}},"108":{"start":{"line":161,"column":30},"end":{"line":161,"column":89}},"109":{"start":{"line":161,"column":55},"end":{"line":161,"column":76}},"110":{"start":{"line":162,"column":25},"end":{"line":162,"column":74}},"111":{"start":{"line":164,"column":8},"end":{"line":167,"column":11}},"112":{"start":{"line":170,"column":4},"end":{"line":170,"column":19}},"113":{"start":{"line":175,"column":20},"end":{"line":175,"column":36}},"114":{"start":{"line":177,"column":22},"end":{"line":193,"column":6}},"115":{"start":{"line":178,"column":8},"end":{"line":178,"column":57}},"116":{"start":{"line":178,"column":25},"end":{"line":178,"column":57}},"117":{"start":{"line":180,"column":24},"end":{"line":180,"column":56}},"118":{"start":{"line":181,"column":24},"end":{"line":181,"column":43}},"119":{"start":{"line":183,"column":21},"end":{"line":183,"column":22}},"120":{"start":{"line":184,"column":8},"end":{"line":190,"column":9}},"121":{"start":{"line":185,"column":12},"end":{"line":189,"column":13}},"122":{"start":{"line":186,"column":16},"end":{"line":186,"column":27}},"123":{"start":{"line":187,"column":19},"end":{"line":189,"column":13}},"124":{"start":{"line":188,"column":16},"end":{"line":188,"column":28}},"125":{"start":{"line":192,"column":8},"end":{"line":192,"column":45}},"126":{"start":{"line":195,"column":4},"end":{"line":195,"column":21}},"127":{"start":{"line":200,"column":14},"end":{"line":200,"column":30}},"128":{"start":{"line":201,"column":14},"end":{"line":201,"column":23}},"129":{"start":{"line":202,"column":4},"end":{"line":204,"column":5}},"130":{"start":{"line":202,"column":17},"end":{"line":202,"column":18}},"131":{"start":{"line":203,"column":8},"end":{"line":203,"column":44}},"132":{"start":{"line":205,"column":4},"end":{"line":205,"column":15}},"133":{"start":{"line":210,"column":24},"end":{"line":210,"column":26}},"134":{"start":{"line":211,"column":23},"end":{"line":211,"column":25}},"135":{"start":{"line":212,"column":25},"end":{"line":212,"column":26}},"136":{"start":{"line":214,"column":21},"end":{"line":214,"column":23}},"137":{"start":{"line":215,"column":20},"end":{"line":215,"column":22}},"138":{"start":{"line":216,"column":21},"end":{"line":216,"column":23}},"139":{"start":{"line":217,"column":23},"end":{"line":217,"column":25}},"140":{"start":{"line":218,"column":21},"end":{"line":218,"column":23}},"141":{"start":{"line":220,"column":4},"end":{"line":277,"column":5}},"142":{"start":{"line":220,"column":17},"end":{"line":220,"column":18}},"143":{"start":{"line":221,"column":20},"end":{"line":221,"column":42}},"144":{"start":{"line":224,"column":8},"end":{"line":226,"column":9}},"145":{"start":{"line":225,"column":12},"end":{"line":225,"column":25}},"146":{"start":{"line":228,"column":8},"end":{"line":239,"column":9}},"147":{"start":{"line":229,"column":34},"end":{"line":235,"column":28}},"148":{"start":{"line":230,"column":28},"end":{"line":230,"column":46}},"149":{"start":{"line":231,"column":16},"end":{"line":233,"column":17}},"150":{"start":{"line":232,"column":20},"end":{"line":232,"column":33}},"151":{"start":{"line":234,"column":16},"end":{"line":234,"column":29}},"152":{"start":{"line":236,"column":12},"end":{"line":236,"column":41}},"153":{"start":{"line":238,"column":12},"end":{"line":238,"column":31}},"154":{"start":{"line":241,"column":8},"end":{"line":252,"column":9}},"155":{"start":{"line":242,"column":33},"end":{"line":248,"column":27}},"156":{"start":{"line":243,"column":28},"end":{"line":243,"column":46}},"157":{"start":{"line":244,"column":16},"end":{"line":246,"column":17}},"158":{"start":{"line":245,"column":20},"end":{"line":245,"column":33}},"159":{"start":{"line":247,"column":16},"end":{"line":247,"column":29}},"160":{"start":{"line":249,"column":12},"end":{"line":249,"column":39}},"161":{"start":{"line":251,"column":12},"end":{"line":251,"column":30}},"162":{"start":{"line":254,"column":8},"end":{"line":267,"column":9}},"163":{"start":{"line":255,"column":30},"end":{"line":255,"column":89}},"164":{"start":{"line":256,"column":12},"end":{"line":256,"column":37}},"165":{"start":{"line":258,"column":12},"end":{"line":263,"column":13}},"166":{"start":{"line":259,"column":36},"end":{"line":259,"column":110}},"167":{"start":{"line":260,"column":16},"end":{"line":260,"column":45}},"168":{"start":{"line":262,"column":16},"end":{"line":262,"column":37}},"169":{"start":{"line":265,"column":12},"end":{"line":265,"column":31}},"170":{"start":{"line":266,"column":12},"end":{"line":266,"column":33}},"171":{"start":{"line":269,"column":21},"end":{"line":269,"column":119}},"172":{"start":{"line":270,"column":23},"end":{"line":270,"column":129}},"173":{"start":{"line":272,"column":8},"end":{"line":276,"column":11}},"174":{"start":{"line":279,"column":4},"end":{"line":279,"column":20}},"175":{"start":{"line":284,"column":21},"end":{"line":284,"column":38}},"176":{"start":{"line":285,"column":22},"end":{"line":301,"column":6}},"177":{"start":{"line":286,"column":8},"end":{"line":286,"column":57}},"178":{"start":{"line":286,"column":25},"end":{"line":286,"column":57}},"179":{"start":{"line":288,"column":25},"end":{"line":288,"column":46}},"180":{"start":{"line":289,"column":25},"end":{"line":289,"column":33}},"181":{"start":{"line":291,"column":21},"end":{"line":291,"column":22}},"182":{"start":{"line":292,"column":8},"end":{"line":298,"column":9}},"183":{"start":{"line":293,"column":12},"end":{"line":297,"column":13}},"184":{"start":{"line":294,"column":16},"end":{"line":294,"column":27}},"185":{"start":{"line":295,"column":19},"end":{"line":297,"column":13}},"186":{"start":{"line":296,"column":16},"end":{"line":296,"column":28}},"187":{"start":{"line":300,"column":8},"end":{"line":300,"column":45}},"188":{"start":{"line":303,"column":4},"end":{"line":303,"column":21}},"189":{"start":{"line":308,"column":21},"end":{"line":308,"column":38}},"190":{"start":{"line":309,"column":22},"end":{"line":327,"column":6}},"191":{"start":{"line":310,"column":8},"end":{"line":310,"column":57}},"192":{"start":{"line":310,"column":25},"end":{"line":310,"column":57}},"193":{"start":{"line":312,"column":25},"end":{"line":312,"column":46}},"194":{"start":{"line":313,"column":27},"end":{"line":313,"column":50}},"195":{"start":{"line":314,"column":25},"end":{"line":314,"column":33}},"196":{"start":{"line":315,"column":27},"end":{"line":315,"column":37}},"197":{"start":{"line":317,"column":21},"end":{"line":317,"column":22}},"198":{"start":{"line":318,"column":8},"end":{"line":324,"column":9}},"199":{"start":{"line":319,"column":12},"end":{"line":323,"column":13}},"200":{"start":{"line":320,"column":16},"end":{"line":320,"column":27}},"201":{"start":{"line":321,"column":19},"end":{"line":323,"column":13}},"202":{"start":{"line":322,"column":16},"end":{"line":322,"column":28}},"203":{"start":{"line":326,"column":8},"end":{"line":326,"column":45}},"204":{"start":{"line":329,"column":4},"end":{"line":329,"column":21}},"205":{"start":{"line":333,"column":0},"end":{"line":346,"column":1}},"206":{"start":{"line":334,"column":4},"end":{"line":345,"column":6}}},"fnMap":{"0":{"name":"computeAdx","decl":{"start":{"line":5,"column":9},"end":{"line":5,"column":19}},"loc":{"start":{"line":5,"column":39},"end":{"line":73,"column":1}},"line":5},"1":{"name":"(anonymous_1)","decl":{"start":{"line":7,"column":26},"end":{"line":7,"column":27}},"loc":{"start":{"line":7,"column":33},"end":{"line":7,"column":51}},"line":7},"2":{"name":"(anonymous_2)","decl":{"start":{"line":8,"column":25},"end":{"line":8,"column":26}},"loc":{"start":{"line":8,"column":32},"end":{"line":8,"column":50}},"line":8},"3":{"name":"(anonymous_3)","decl":{"start":{"line":9,"column":27},"end":{"line":9,"column":28}},"loc":{"start":{"line":9,"column":34},"end":{"line":9,"column":52}},"line":9},"4":{"name":"(anonymous_4)","decl":{"start":{"line":33,"column":69},"end":{"line":33,"column":70}},"loc":{"start":{"line":33,"column":79},"end":{"line":33,"column":84}},"line":33},"5":{"name":"(anonymous_5)","decl":{"start":{"line":36,"column":71},"end":{"line":36,"column":72}},"loc":{"start":{"line":36,"column":81},"end":{"line":36,"column":86}},"line":36},"6":{"name":"(anonymous_6)","decl":{"start":{"line":39,"column":71},"end":{"line":39,"column":72}},"loc":{"start":{"line":39,"column":81},"end":{"line":39,"column":86}},"line":39},"7":{"name":"computeAdxtr","decl":{"start":{"line":76,"column":9},"end":{"line":76,"column":21}},"loc":{"start":{"line":76,"column":28},"end":{"line":100,"column":1}},"line":76},"8":{"name":"(anonymous_8)","decl":{"start":{"line":78,"column":34},"end":{"line":78,"column":35}},"loc":{"start":{"line":78,"column":57},"end":{"line":97,"column":5}},"line":78},"9":{"name":"(anonymous_9)","decl":{"start":{"line":97,"column":14},"end":{"line":97,"column":15}},"loc":{"start":{"line":97,"column":21},"end":{"line":97,"column":33}},"line":97},"10":{"name":"computeBb","decl":{"start":{"line":103,"column":9},"end":{"line":103,"column":18}},"loc":{"start":{"line":103,"column":54},"end":{"line":127,"column":1}},"line":103},"11":{"name":"(anonymous_11)","decl":{"start":{"line":105,"column":27},"end":{"line":105,"column":28}},"loc":{"start":{"line":105,"column":34},"end":{"line":105,"column":52}},"line":105},"12":{"name":"(anonymous_12)","decl":{"start":{"line":109,"column":34},"end":{"line":109,"column":35}},"loc":{"start":{"line":109,"column":44},"end":{"line":109,"column":49}},"line":109},"13":{"name":"(anonymous_13)","decl":{"start":{"line":110,"column":43},"end":{"line":110,"column":44}},"loc":{"start":{"line":110,"column":48},"end":{"line":110,"column":69}},"line":110},"14":{"name":"(anonymous_14)","decl":{"start":{"line":110,"column":78},"end":{"line":110,"column":79}},"loc":{"start":{"line":110,"column":88},"end":{"line":110,"column":93}},"line":110},"15":{"name":"computeBbtr","decl":{"start":{"line":130,"column":9},"end":{"line":130,"column":20}},"loc":{"start":{"line":130,"column":27},"end":{"line":151,"column":1}},"line":130},"16":{"name":"(anonymous_16)","decl":{"start":{"line":132,"column":32},"end":{"line":132,"column":33}},"loc":{"start":{"line":132,"column":55},"end":{"line":148,"column":5}},"line":132},"17":{"name":"(anonymous_17)","decl":{"start":{"line":148,"column":14},"end":{"line":148,"column":15}},"loc":{"start":{"line":148,"column":21},"end":{"line":148,"column":33}},"line":148},"18":{"name":"computeCci","decl":{"start":{"line":154,"column":9},"end":{"line":154,"column":19}},"loc":{"start":{"line":154,"column":39},"end":{"line":171,"column":1}},"line":154},"19":{"name":"(anonymous_19)","decl":{"start":{"line":156,"column":34},"end":{"line":156,"column":35}},"loc":{"start":{"line":156,"column":41},"end":{"line":156,"column":107}},"line":156},"20":{"name":"(anonymous_20)","decl":{"start":{"line":160,"column":35},"end":{"line":160,"column":36}},"loc":{"start":{"line":160,"column":45},"end":{"line":160,"column":50}},"line":160},"21":{"name":"(anonymous_21)","decl":{"start":{"line":161,"column":45},"end":{"line":161,"column":46}},"loc":{"start":{"line":161,"column":55},"end":{"line":161,"column":76}},"line":161},"22":{"name":"computeCcitr","decl":{"start":{"line":174,"column":9},"end":{"line":174,"column":21}},"loc":{"start":{"line":174,"column":28},"end":{"line":196,"column":1}},"line":174},"23":{"name":"(anonymous_23)","decl":{"start":{"line":177,"column":34},"end":{"line":177,"column":35}},"loc":{"start":{"line":177,"column":57},"end":{"line":193,"column":5}},"line":177},"24":{"name":"calculateEma","decl":{"start":{"line":199,"column":9},"end":{"line":199,"column":21}},"loc":{"start":{"line":199,"column":38},"end":{"line":206,"column":1}},"line":199},"25":{"name":"computeMacd","decl":{"start":{"line":209,"column":9},"end":{"line":209,"column":20}},"loc":{"start":{"line":209,"column":27},"end":{"line":280,"column":1}},"line":209},"26":{"name":"(anonymous_26)","decl":{"start":{"line":229,"column":90},"end":{"line":229,"column":91}},"loc":{"start":{"line":229,"column":97},"end":{"line":235,"column":13}},"line":229},"27":{"name":"(anonymous_27)","decl":{"start":{"line":242,"column":88},"end":{"line":242,"column":89}},"loc":{"start":{"line":242,"column":95},"end":{"line":248,"column":13}},"line":242},"28":{"name":"computeCmacd","decl":{"start":{"line":283,"column":9},"end":{"line":283,"column":21}},"loc":{"start":{"line":283,"column":28},"end":{"line":304,"column":1}},"line":283},"29":{"name":"(anonymous_29)","decl":{"start":{"line":285,"column":35},"end":{"line":285,"column":36}},"loc":{"start":{"line":285,"column":58},"end":{"line":301,"column":5}},"line":285},"30":{"name":"computeSmacd","decl":{"start":{"line":307,"column":9},"end":{"line":307,"column":21}},"loc":{"start":{"line":307,"column":28},"end":{"line":330,"column":1}},"line":307},"31":{"name":"(anonymous_31)","decl":{"start":{"line":309,"column":35},"end":{"line":309,"column":36}},"loc":{"start":{"line":309,"column":58},"end":{"line":327,"column":5}},"line":309}},"branchMap":{"0":{"loc":{"start":{"line":5,"column":26},"end":{"line":5,"column":37}},"type":"default-arg","locations":[{"start":{"line":5,"column":35},"end":{"line":5,"column":37}}],"line":5},"1":{"loc":{"start":{"line":26,"column":25},"end":{"line":26,"column":121}},"type":"cond-expr","locations":[{"start":{"line":26,"column":96},"end":{"line":26,"column":117}},{"start":{"line":26,"column":120},"end":{"line":26,"column":121}}],"line":26},"2":{"loc":{"start":{"line":26,"column":25},"end":{"line":26,"column":93}},"type":"binary-expr","locations":[{"start":{"line":26,"column":25},"end":{"line":26,"column":46}},{"start":{"line":26,"column":50},"end":{"line":26,"column":93}}],"line":26},"3":{"loc":{"start":{"line":29,"column":25},"end":{"line":29,"column":117}},"type":"cond-expr","locations":[{"start":{"line":29,"column":94},"end":{"line":29,"column":113}},{"start":{"line":29,"column":116},"end":{"line":29,"column":117}}],"line":29},"4":{"loc":{"start":{"line":29,"column":25},"end":{"line":29,"column":91}},"type":"binary-expr","locations":[{"start":{"line":29,"column":25},"end":{"line":29,"column":44}},{"start":{"line":29,"column":48},"end":{"line":29,"column":91}}],"line":29},"5":{"loc":{"start":{"line":32,"column":8},"end":{"line":57,"column":9}},"type":"if","locations":[{"start":{"line":32,"column":8},"end":{"line":57,"column":9}},{"start":{},"end":{}}],"line":32},"6":{"loc":{"start":{"line":51,"column":12},"end":{"line":56,"column":13}},"type":"if","locations":[{"start":{"line":51,"column":12},"end":{"line":56,"column":13}},{"start":{"line":53,"column":19},"end":{"line":56,"column":13}}],"line":51},"7":{"loc":{"start":{"line":61,"column":8},"end":{"line":69,"column":9}},"type":"if","locations":[{"start":{"line":61,"column":8},"end":{"line":69,"column":9}},{"start":{},"end":{}}],"line":61},"8":{"loc":{"start":{"line":61,"column":12},"end":{"line":61,"column":119}},"type":"binary-expr","locations":[{"start":{"line":61,"column":12},"end":{"line":61,"column":37}},{"start":{"line":61,"column":41},"end":{"line":61,"column":66}},{"start":{"line":61,"column":70},"end":{"line":61,"column":92}},{"start":{"line":61,"column":96},"end":{"line":61,"column":119}}],"line":61},"9":{"loc":{"start":{"line":79,"column":8},"end":{"line":79,"column":37}},"type":"if","locations":[{"start":{"line":79,"column":8},"end":{"line":79,"column":37}},{"start":{},"end":{}}],"line":79},"10":{"loc":{"start":{"line":88,"column":8},"end":{"line":94,"column":9}},"type":"if","locations":[{"start":{"line":88,"column":8},"end":{"line":94,"column":9}},{"start":{},"end":{}}],"line":88},"11":{"loc":{"start":{"line":88,"column":12},"end":{"line":88,"column":103}},"type":"binary-expr","locations":[{"start":{"line":88,"column":12},"end":{"line":88,"column":27}},{"start":{"line":88,"column":31},"end":{"line":88,"column":46}},{"start":{"line":88,"column":50},"end":{"line":88,"column":65}},{"start":{"line":88,"column":69},"end":{"line":88,"column":84}},{"start":{"line":88,"column":88},"end":{"line":88,"column":103}}],"line":88},"12":{"loc":{"start":{"line":89,"column":12},"end":{"line":93,"column":13}},"type":"if","locations":[{"start":{"line":89,"column":12},"end":{"line":93,"column":13}},{"start":{"line":91,"column":19},"end":{"line":93,"column":13}}],"line":89},"13":{"loc":{"start":{"line":89,"column":16},"end":{"line":89,"column":70}},"type":"binary-expr","locations":[{"start":{"line":89,"column":16},"end":{"line":89,"column":33}},{"start":{"line":89,"column":37},"end":{"line":89,"column":54}},{"start":{"line":89,"column":58},"end":{"line":89,"column":70}}],"line":89},"14":{"loc":{"start":{"line":91,"column":19},"end":{"line":93,"column":13}},"type":"if","locations":[{"start":{"line":91,"column":19},"end":{"line":93,"column":13}},{"start":{},"end":{}}],"line":91},"15":{"loc":{"start":{"line":91,"column":23},"end":{"line":91,"column":77}},"type":"binary-expr","locations":[{"start":{"line":91,"column":23},"end":{"line":91,"column":40}},{"start":{"line":91,"column":44},"end":{"line":91,"column":61}},{"start":{"line":91,"column":65},"end":{"line":91,"column":77}}],"line":91},"16":{"loc":{"start":{"line":103,"column":25},"end":{"line":103,"column":36}},"type":"default-arg","locations":[{"start":{"line":103,"column":34},"end":{"line":103,"column":36}}],"line":103},"17":{"loc":{"start":{"line":103,"column":38},"end":{"line":103,"column":52}},"type":"default-arg","locations":[{"start":{"line":103,"column":51},"end":{"line":103,"column":52}}],"line":103},"18":{"loc":{"start":{"line":115,"column":8},"end":{"line":123,"column":9}},"type":"if","locations":[{"start":{"line":115,"column":8},"end":{"line":123,"column":9}},{"start":{},"end":{}}],"line":115},"19":{"loc":{"start":{"line":115,"column":12},"end":{"line":115,"column":86}},"type":"binary-expr","locations":[{"start":{"line":115,"column":12},"end":{"line":115,"column":29}},{"start":{"line":115,"column":33},"end":{"line":115,"column":45}},{"start":{"line":115,"column":49},"end":{"line":115,"column":66}},{"start":{"line":115,"column":70},"end":{"line":115,"column":86}}],"line":115},"20":{"loc":{"start":{"line":133,"column":8},"end":{"line":133,"column":37}},"type":"if","locations":[{"start":{"line":133,"column":8},"end":{"line":133,"column":37}},{"start":{},"end":{}}],"line":133},"21":{"loc":{"start":{"line":139,"column":8},"end":{"line":145,"column":9}},"type":"if","locations":[{"start":{"line":139,"column":8},"end":{"line":145,"column":9}},{"start":{},"end":{}}],"line":139},"22":{"loc":{"start":{"line":139,"column":12},"end":{"line":139,"column":56}},"type":"binary-expr","locations":[{"start":{"line":139,"column":12},"end":{"line":139,"column":32}},{"start":{"line":139,"column":36},"end":{"line":139,"column":56}}],"line":139},"23":{"loc":{"start":{"line":140,"column":12},"end":{"line":144,"column":13}},"type":"if","locations":[{"start":{"line":140,"column":12},"end":{"line":144,"column":13}},{"start":{"line":142,"column":19},"end":{"line":144,"column":13}}],"line":140},"24":{"loc":{"start":{"line":140,"column":16},"end":{"line":140,"column":54}},"type":"binary-expr","locations":[{"start":{"line":140,"column":16},"end":{"line":140,"column":33}},{"start":{"line":140,"column":37},"end":{"line":140,"column":54}}],"line":140},"25":{"loc":{"start":{"line":142,"column":19},"end":{"line":144,"column":13}},"type":"if","locations":[{"start":{"line":142,"column":19},"end":{"line":144,"column":13}},{"start":{},"end":{}}],"line":142},"26":{"loc":{"start":{"line":142,"column":23},"end":{"line":142,"column":61}},"type":"binary-expr","locations":[{"start":{"line":142,"column":23},"end":{"line":142,"column":40}},{"start":{"line":142,"column":44},"end":{"line":142,"column":61}}],"line":142},"27":{"loc":{"start":{"line":154,"column":26},"end":{"line":154,"column":37}},"type":"default-arg","locations":[{"start":{"line":154,"column":35},"end":{"line":154,"column":37}}],"line":154},"28":{"loc":{"start":{"line":178,"column":8},"end":{"line":178,"column":57}},"type":"if","locations":[{"start":{"line":178,"column":8},"end":{"line":178,"column":57}},{"start":{},"end":{}}],"line":178},"29":{"loc":{"start":{"line":184,"column":8},"end":{"line":190,"column":9}},"type":"if","locations":[{"start":{"line":184,"column":8},"end":{"line":190,"column":9}},{"start":{},"end":{}}],"line":184},"30":{"loc":{"start":{"line":184,"column":12},"end":{"line":184,"column":46}},"type":"binary-expr","locations":[{"start":{"line":184,"column":12},"end":{"line":184,"column":27}},{"start":{"line":184,"column":31},"end":{"line":184,"column":46}}],"line":184},"31":{"loc":{"start":{"line":185,"column":12},"end":{"line":189,"column":13}},"type":"if","locations":[{"start":{"line":185,"column":12},"end":{"line":189,"column":13}},{"start":{"line":187,"column":19},"end":{"line":189,"column":13}}],"line":185},"32":{"loc":{"start":{"line":185,"column":16},"end":{"line":185,"column":48}},"type":"binary-expr","locations":[{"start":{"line":185,"column":16},"end":{"line":185,"column":30}},{"start":{"line":185,"column":34},"end":{"line":185,"column":48}}],"line":185},"33":{"loc":{"start":{"line":187,"column":19},"end":{"line":189,"column":13}},"type":"if","locations":[{"start":{"line":187,"column":19},"end":{"line":189,"column":13}},{"start":{},"end":{}}],"line":187},"34":{"loc":{"start":{"line":187,"column":23},"end":{"line":187,"column":53}},"type":"binary-expr","locations":[{"start":{"line":187,"column":23},"end":{"line":187,"column":36}},{"start":{"line":187,"column":40},"end":{"line":187,"column":53}}],"line":187},"35":{"loc":{"start":{"line":224,"column":8},"end":{"line":226,"column":9}},"type":"if","locations":[{"start":{"line":224,"column":8},"end":{"line":226,"column":9}},{"start":{},"end":{}}],"line":224},"36":{"loc":{"start":{"line":224,"column":12},"end":{"line":224,"column":70}},"type":"binary-expr","locations":[{"start":{"line":224,"column":12},"end":{"line":224,"column":38}},{"start":{"line":224,"column":42},"end":{"line":224,"column":70}}],"line":224},"37":{"loc":{"start":{"line":228,"column":8},"end":{"line":239,"column":9}},"type":"if","locations":[{"start":{"line":228,"column":8},"end":{"line":239,"column":9}},{"start":{"line":237,"column":15},"end":{"line":239,"column":9}}],"line":228},"38":{"loc":{"start":{"line":231,"column":16},"end":{"line":233,"column":17}},"type":"if","locations":[{"start":{"line":231,"column":16},"end":{"line":233,"column":17}},{"start":{},"end":{}}],"line":231},"39":{"loc":{"start":{"line":231,"column":20},"end":{"line":231,"column":70}},"type":"binary-expr","locations":[{"start":{"line":231,"column":20},"end":{"line":231,"column":42}},{"start":{"line":231,"column":46},"end":{"line":231,"column":70}}],"line":231},"40":{"loc":{"start":{"line":241,"column":8},"end":{"line":252,"column":9}},"type":"if","locations":[{"start":{"line":241,"column":8},"end":{"line":252,"column":9}},{"start":{"line":250,"column":15},"end":{"line":252,"column":9}}],"line":241},"41":{"loc":{"start":{"line":244,"column":16},"end":{"line":246,"column":17}},"type":"if","locations":[{"start":{"line":244,"column":16},"end":{"line":246,"column":17}},{"start":{},"end":{}}],"line":244},"42":{"loc":{"start":{"line":244,"column":20},"end":{"line":244,"column":70}},"type":"binary-expr","locations":[{"start":{"line":244,"column":20},"end":{"line":244,"column":42}},{"start":{"line":244,"column":46},"end":{"line":244,"column":70}}],"line":244},"43":{"loc":{"start":{"line":254,"column":8},"end":{"line":267,"column":9}},"type":"if","locations":[{"start":{"line":254,"column":8},"end":{"line":267,"column":9}},{"start":{"line":264,"column":15},"end":{"line":267,"column":9}}],"line":254},"44":{"loc":{"start":{"line":258,"column":12},"end":{"line":263,"column":13}},"type":"if","locations":[{"start":{"line":258,"column":12},"end":{"line":263,"column":13}},{"start":{"line":261,"column":19},"end":{"line":263,"column":13}}],"line":258},"45":{"loc":{"start":{"line":269,"column":21},"end":{"line":269,"column":119}},"type":"cond-expr","locations":[{"start":{"line":269,"column":60},"end":{"line":269,"column":64}},{"start":{"line":269,"column":67},"end":{"line":269,"column":119}}],"line":269},"46":{"loc":{"start":{"line":270,"column":23},"end":{"line":270,"column":129}},"type":"cond-expr","locations":[{"start":{"line":270,"column":66},"end":{"line":270,"column":70}},{"start":{"line":270,"column":73},"end":{"line":270,"column":129}}],"line":270},"47":{"loc":{"start":{"line":286,"column":8},"end":{"line":286,"column":57}},"type":"if","locations":[{"start":{"line":286,"column":8},"end":{"line":286,"column":57}},{"start":{},"end":{}}],"line":286},"48":{"loc":{"start":{"line":292,"column":8},"end":{"line":298,"column":9}},"type":"if","locations":[{"start":{"line":292,"column":8},"end":{"line":298,"column":9}},{"start":{},"end":{}}],"line":292},"49":{"loc":{"start":{"line":292,"column":12},"end":{"line":292,"column":50}},"type":"binary-expr","locations":[{"start":{"line":292,"column":12},"end":{"line":292,"column":29}},{"start":{"line":292,"column":33},"end":{"line":292,"column":50}}],"line":292},"50":{"loc":{"start":{"line":293,"column":12},"end":{"line":297,"column":13}},"type":"if","locations":[{"start":{"line":293,"column":12},"end":{"line":297,"column":13}},{"start":{"line":295,"column":19},"end":{"line":297,"column":13}}],"line":293},"51":{"loc":{"start":{"line":293,"column":16},"end":{"line":293,"column":44}},"type":"binary-expr","locations":[{"start":{"line":293,"column":16},"end":{"line":293,"column":28}},{"start":{"line":293,"column":32},"end":{"line":293,"column":44}}],"line":293},"52":{"loc":{"start":{"line":295,"column":19},"end":{"line":297,"column":13}},"type":"if","locations":[{"start":{"line":295,"column":19},"end":{"line":297,"column":13}},{"start":{},"end":{}}],"line":295},"53":{"loc":{"start":{"line":295,"column":23},"end":{"line":295,"column":51}},"type":"binary-expr","locations":[{"start":{"line":295,"column":23},"end":{"line":295,"column":35}},{"start":{"line":295,"column":39},"end":{"line":295,"column":51}}],"line":295},"54":{"loc":{"start":{"line":310,"column":8},"end":{"line":310,"column":57}},"type":"if","locations":[{"start":{"line":310,"column":8},"end":{"line":310,"column":57}},{"start":{},"end":{}}],"line":310},"55":{"loc":{"start":{"line":318,"column":8},"end":{"line":324,"column":9}},"type":"if","locations":[{"start":{"line":318,"column":8},"end":{"line":324,"column":9}},{"start":{},"end":{}}],"line":318},"56":{"loc":{"start":{"line":318,"column":12},"end":{"line":318,"column":96}},"type":"binary-expr","locations":[{"start":{"line":318,"column":12},"end":{"line":318,"column":29}},{"start":{"line":318,"column":33},"end":{"line":318,"column":52}},{"start":{"line":318,"column":56},"end":{"line":318,"column":73}},{"start":{"line":318,"column":77},"end":{"line":318,"column":96}}],"line":318},"57":{"loc":{"start":{"line":319,"column":12},"end":{"line":323,"column":13}},"type":"if","locations":[{"start":{"line":319,"column":12},"end":{"line":323,"column":13}},{"start":{"line":321,"column":19},"end":{"line":323,"column":13}}],"line":319},"58":{"loc":{"start":{"line":319,"column":16},"end":{"line":319,"column":62}},"type":"binary-expr","locations":[{"start":{"line":319,"column":16},"end":{"line":319,"column":37}},{"start":{"line":319,"column":41},"end":{"line":319,"column":62}}],"line":319},"59":{"loc":{"start":{"line":321,"column":19},"end":{"line":323,"column":13}},"type":"if","locations":[{"start":{"line":321,"column":19},"end":{"line":323,"column":13}},{"start":{},"end":{}}],"line":321},"60":{"loc":{"start":{"line":321,"column":23},"end":{"line":321,"column":69}},"type":"binary-expr","locations":[{"start":{"line":321,"column":23},"end":{"line":321,"column":44}},{"start":{"line":321,"column":48},"end":{"line":321,"column":69}}],"line":321},"61":{"loc":{"start":{"line":333,"column":0},"end":{"line":346,"column":1}},"type":"if","locations":[{"start":{"line":333,"column":0},"end":{"line":346,"column":1}},{"start":{},"end":{}}],"line":333},"62":{"loc":{"start":{"line":333,"column":4},"end":{"line":333,"column":51}},"type":"binary-expr","locations":[{"start":{"line":333,"column":4},"end":{"line":333,"column":33}},{"start":{"line":333,"column":37},"end":{"line":333,"column":51}}],"line":333}},"s":{"0":25,"1":25,"2":903,"3":25,"4":903,"5":25,"6":903,"7":25,"8":25,"9":25,"10":25,"11":25,"12":25,"13":25,"14":25,"15":25,"16":25,"17":25,"18":25,"19":882,"20":882,"21":882,"22":882,"23":882,"24":882,"25":882,"26":638,"27":8000,"28":638,"29":638,"30":8000,"31":638,"32":638,"33":8000,"34":638,"35":638,"36":638,"37":638,"38":638,"39":638,"40":638,"41":638,"42":19,"43":619,"44":619,"45":25,"46":25,"47":638,"48":638,"49":25,"50":8,"51":8,"52":210,"53":6,"54":204,"55":204,"56":204,"57":204,"58":204,"59":204,"60":204,"61":204,"62":12,"63":192,"64":18,"65":204,"66":210,"67":8,"68":24,"69":24,"70":912,"71":24,"72":24,"73":551,"74":551,"75":10620,"76":551,"77":10620,"78":10620,"79":551,"80":551,"81":551,"82":551,"83":551,"84":24,"85":8,"86":8,"87":180,"88":6,"89":174,"90":174,"91":174,"92":174,"93":174,"94":6,"95":168,"96":6,"97":174,"98":180,"99":8,"100":23,"101":23,"102":887,"103":23,"104":23,"105":550,"106":550,"107":10600,"108":550,"109":10600,"110":550,"111":550,"112":23,"113":10,"114":10,"115":240,"116":8,"117":232,"118":232,"119":232,"120":232,"121":232,"122":8,"123":224,"124":8,"125":232,"126":10,"127":2583,"128":2583,"129":2583,"130":2583,"131":36310,"132":2583,"133":39,"134":39,"135":39,"136":39,"137":39,"138":39,"139":39,"140":39,"141":39,"142":39,"143":1481,"144":1481,"145":0,"146":1481,"147":1140,"148":13680,"149":13680,"150":0,"151":13680,"152":1140,"153":341,"154":1481,"155":720,"156":18720,"157":18720,"158":0,"159":18720,"160":720,"161":761,"162":1481,"163":720,"164":720,"165":720,"166":720,"167":720,"168":0,"169":761,"170":761,"171":1481,"172":1481,"173":1481,"174":39,"175":11,"176":11,"177":393,"178":9,"179":384,"180":384,"181":384,"182":384,"183":184,"184":0,"185":184,"186":0,"187":384,"188":11,"189":12,"190":12,"191":446,"192":10,"193":436,"194":436,"195":436,"196":436,"197":436,"198":436,"199":135,"200":9,"201":126,"202":18,"203":436,"204":12,"205":1,"206":1},"f":{"0":25,"1":903,"2":903,"3":903,"4":8000,"5":8000,"6":8000,"7":8,"8":210,"9":210,"10":24,"11":912,"12":10620,"13":10620,"14":10620,"15":8,"16":180,"17":180,"18":23,"19":887,"20":10600,"21":10600,"22":10,"23":240,"24":2583,"25":39,"26":13680,"27":18720,"28":11,"29":393,"30":12,"31":446},"b":{"0":[24],"1":[425,457],"2":[882,461],"3":[347,535],"4":[882,383],"5":[638,244],"6":[19,619],"7":[638,0],"8":[638,638,638,638],"9":[6,204],"10":[204,0],"11":[204,204,204,204,204],"12":[12,192],"13":[204,60,12],"14":[18,174],"15":[192,144,18],"16":[23],"17":[23],"18":[551,0],"19":[551,551,551,551],"20":[6,174],"21":[174,0],"22":[174,174],"23":[6,168],"24":[174,12],"25":[6,162],"26":[168,72],"27":[22],"28":[8,232],"29":[232,0],"30":[232,232],"31":[8,224],"32":[232,16],"33":[8,216],"34":[224,136],"35":[0,1481],"36":[1481,0],"37":[1140,341],"38":[0,13680],"39":[13680,0],"40":[720,761],"41":[0,18720],"42":[18720,0],"43":[720,761],"44":[720,0],"45":[761,720],"46":[1001,480],"47":[9,384],"48":[184,200],"49":[384,184],"50":[0,184],"51":[184,0],"52":[0,184],"53":[184,184],"54":[10,436],"55":[135,301],"56":[436,207,135,135],"57":[9,126],"58":[135,63],"59":[18,108],"60":[126,72],"61":[1,0],"62":[1,1]},"_coverageSchema":"1a1c01bbd47fc00a2c39e90264f33305004495a9","hash":"0216a128a5e708c6f53a609ad9f0e84eba361b94"}
}
