TN:
SF:indicators.js
FN:5,computeAdx
FN:7,(anonymous_1)
FN:8,(anonymous_2)
FN:9,(anonymous_3)
FN:33,(anonymous_4)
FN:36,(anonymous_5)
FN:39,(anonymous_6)
FN:76,computeAdxtr
FN:78,(anonymous_8)
FN:97,(anonymous_9)
FN:103,computeBb
FN:105,(anonymous_11)
FN:109,(anonymous_12)
FN:110,(anonymous_13)
FN:110,(anonymous_14)
FN:130,computeBbtr
FN:132,(anonymous_16)
FN:148,(anonymous_17)
FN:154,computeCci
FN:156,(anonymous_19)
FN:160,(anonymous_20)
FN:161,(anonymous_21)
FN:174,computeCcitr
FN:177,(anonymous_23)
FN:199,calculateEma
FN:209,computeMacd
FN:229,(anonymous_26)
FN:242,(anonymous_27)
FN:283,computeCmacd
FN:285,(anonymous_29)
FN:307,computeSmacd
FN:309,(anonymous_31)
FNF:32
FNH:32
FNDA:25,computeAdx
FNDA:903,(anonymous_1)
FNDA:903,(anonymous_2)
FNDA:903,(anonymous_3)
FNDA:8000,(anonymous_4)
FNDA:8000,(anonymous_5)
FNDA:8000,(anonymous_6)
FNDA:8,computeAdxtr
FNDA:210,(anonymous_8)
FNDA:210,(anonymous_9)
FNDA:24,computeBb
FNDA:912,(anonymous_11)
FNDA:10620,(anonymous_12)
FNDA:10620,(anonymous_13)
FNDA:10620,(anonymous_14)
FNDA:8,computeBbtr
FNDA:180,(anonymous_16)
FNDA:180,(anonymous_17)
FNDA:23,computeCci
FNDA:887,(anonymous_19)
FNDA:10600,(anonymous_20)
FNDA:10600,(anonymous_21)
FNDA:10,computeCcitr
FNDA:240,(anonymous_23)
FNDA:2583,calculateEma
FNDA:39,computeMacd
FNDA:13680,(anonymous_26)
FNDA:18720,(anonymous_27)
FNDA:11,computeCmacd
FNDA:393,(anonymous_29)
FNDA:12,computeSmacd
FNDA:446,(anonymous_31)
DA:6,25
DA:7,903
DA:8,903
DA:9,903
DA:11,25
DA:12,25
DA:13,25
DA:14,25
DA:15,25
DA:16,25
DA:17,25
DA:18,25
DA:19,25
DA:20,25
DA:22,25
DA:23,882
DA:24,882
DA:26,882
DA:27,882
DA:29,882
DA:30,882
DA:32,882
DA:33,8000
DA:34,638
DA:36,8000
DA:37,638
DA:39,8000
DA:40,638
DA:42,638
DA:43,638
DA:45,638
DA:46,638
DA:48,638
DA:49,638
DA:51,638
DA:52,19
DA:54,619
DA:55,619
DA:60,25
DA:61,638
DA:62,638
DA:72,25
DA:77,8
DA:78,8
DA:79,210
DA:81,204
DA:82,204
DA:83,204
DA:84,204
DA:85,204
DA:87,204
DA:88,204
DA:89,204
DA:90,12
DA:91,192
DA:92,18
DA:96,204
DA:97,210
DA:99,8
DA:104,24
DA:105,912
DA:107,24
DA:108,551
DA:109,10620
DA:110,10620
DA:111,551
DA:112,551
DA:113,551
DA:115,551
DA:116,551
DA:126,24
DA:131,8
DA:132,8
DA:133,180
DA:135,174
DA:136,174
DA:138,174
DA:139,174
DA:140,174
DA:141,6
DA:142,168
DA:143,6
DA:147,174
DA:148,180
DA:150,8
DA:155,23
DA:156,887
DA:158,23
DA:159,550
DA:160,10600
DA:161,10600
DA:162,550
DA:164,550
DA:170,23
DA:175,10
DA:177,10
DA:178,240
DA:180,232
DA:181,232
DA:183,232
DA:184,232
DA:185,232
DA:186,8
DA:187,224
DA:188,8
DA:192,232
DA:195,10
DA:200,2583
DA:201,2583
DA:202,2583
DA:203,36310
DA:205,2583
DA:210,39
DA:211,39
DA:212,39
DA:214,39
DA:215,39
DA:216,39
DA:217,39
DA:218,39
DA:220,39
DA:221,1481
DA:224,1481
DA:225,0
DA:228,1481
DA:229,1140
DA:230,13680
DA:231,13680
DA:232,0
DA:234,13680
DA:236,1140
DA:238,341
DA:241,1481
DA:242,720
DA:243,18720
DA:244,18720
DA:245,0
DA:247,18720
DA:249,720
DA:251,761
DA:254,1481
DA:255,720
DA:256,720
DA:258,720
DA:259,720
DA:260,720
DA:262,0
DA:265,761
DA:266,761
DA:269,1481
DA:270,1481
DA:272,1481
DA:279,39
DA:284,11
DA:285,11
DA:286,393
DA:288,384
DA:289,384
DA:291,384
DA:292,384
DA:293,184
DA:294,0
DA:295,184
DA:296,0
DA:300,384
DA:303,11
DA:308,12
DA:309,12
DA:310,446
DA:312,436
DA:313,436
DA:314,436
DA:315,436
DA:317,436
DA:318,436
DA:319,135
DA:320,9
DA:321,126
DA:322,18
DA:326,436
DA:329,12
DA:333,1
DA:334,1
LF:183
LH:177
BRDA:5,0,0,24
BRDA:26,1,0,425
BRDA:26,1,1,457
BRDA:26,2,0,882
BRDA:26,2,1,461
BRDA:29,3,0,347
BRDA:29,3,1,535
BRDA:29,4,0,882
BRDA:29,4,1,383
BRDA:32,5,0,638
BRDA:32,5,1,244
BRDA:51,6,0,19
BRDA:51,6,1,619
BRDA:61,7,0,638
BRDA:61,7,1,0
BRDA:61,8,0,638
BRDA:61,8,1,638
BRDA:61,8,2,638
BRDA:61,8,3,638
BRDA:79,9,0,6
BRDA:79,9,1,204
BRDA:88,10,0,204
BRDA:88,10,1,0
BRDA:88,11,0,204
BRDA:88,11,1,204
BRDA:88,11,2,204
BRDA:88,11,3,204
BRDA:88,11,4,204
BRDA:89,12,0,12
BRDA:89,12,1,192
BRDA:89,13,0,204
BRDA:89,13,1,60
BRDA:89,13,2,12
BRDA:91,14,0,18
BRDA:91,14,1,174
BRDA:91,15,0,192
BRDA:91,15,1,144
BRDA:91,15,2,18
BRDA:103,16,0,23
BRDA:103,17,0,23
BRDA:115,18,0,551
BRDA:115,18,1,0
BRDA:115,19,0,551
BRDA:115,19,1,551
BRDA:115,19,2,551
BRDA:115,19,3,551
BRDA:133,20,0,6
BRDA:133,20,1,174
BRDA:139,21,0,174
BRDA:139,21,1,0
BRDA:139,22,0,174
BRDA:139,22,1,174
BRDA:140,23,0,6
BRDA:140,23,1,168
BRDA:140,24,0,174
BRDA:140,24,1,12
BRDA:142,25,0,6
BRDA:142,25,1,162
BRDA:142,26,0,168
BRDA:142,26,1,72
BRDA:154,27,0,22
BRDA:178,28,0,8
BRDA:178,28,1,232
BRDA:184,29,0,232
BRDA:184,29,1,0
BRDA:184,30,0,232
BRDA:184,30,1,232
BRDA:185,31,0,8
BRDA:185,31,1,224
BRDA:185,32,0,232
BRDA:185,32,1,16
BRDA:187,33,0,8
BRDA:187,33,1,216
BRDA:187,34,0,224
BRDA:187,34,1,136
BRDA:224,35,0,0
BRDA:224,35,1,1481
BRDA:224,36,0,1481
BRDA:224,36,1,0
BRDA:228,37,0,1140
BRDA:228,37,1,341
BRDA:231,38,0,0
BRDA:231,38,1,13680
BRDA:231,39,0,13680
BRDA:231,39,1,0
BRDA:241,40,0,720
BRDA:241,40,1,761
BRDA:244,41,0,0
BRDA:244,41,1,18720
BRDA:244,42,0,18720
BRDA:244,42,1,0
BRDA:254,43,0,720
BRDA:254,43,1,761
BRDA:258,44,0,720
BRDA:258,44,1,0
BRDA:269,45,0,761
BRDA:269,45,1,720
BRDA:270,46,0,1001
BRDA:270,46,1,480
BRDA:286,47,0,9
BRDA:286,47,1,384
BRDA:292,48,0,184
BRDA:292,48,1,200
BRDA:292,49,0,384
BRDA:292,49,1,184
BRDA:293,50,0,0
BRDA:293,50,1,184
BRDA:293,51,0,184
BRDA:293,51,1,0
BRDA:295,52,0,0
BRDA:295,52,1,184
BRDA:295,53,0,184
BRDA:295,53,1,184
BRDA:310,54,0,10
BRDA:310,54,1,436
BRDA:318,55,0,135
BRDA:318,55,1,301
BRDA:318,56,0,436
BRDA:318,56,1,207
BRDA:318,56,2,135
BRDA:318,56,3,135
BRDA:319,57,0,9
BRDA:319,57,1,126
BRDA:319,58,0,135
BRDA:319,58,1,63
BRDA:321,59,0,18
BRDA:321,59,1,108
BRDA:321,60,0,126
BRDA:321,60,1,72
BRDA:333,61,0,1
BRDA:333,61,1,0
BRDA:333,62,0,1
BRDA:333,62,1,1
BRF:133
BRH:117
end_of_record
